<?xml version="1.0" encoding="UTF-8"?>
<testsuite xmlns:xsi="http://www.w3.org/2001/XMLSchema-instance" xsi:noNamespaceSchemaLocation="https://maven.apache.org/surefire/maven-surefire-plugin/xsd/surefire-test-report.xsd" version="3.0.2" name="TestComponent" time="0.417" tests="8" errors="0" skipped="0" failures="0">
  <properties>
[...]
</properties>
  <testcase name="testFlipFlop" classname="TestComponent" time="0.312"/>
  <testcase name="testComparator" classname="TestComponent" time="0.01"/>
  <testcase name="testMux" classname="TestComponent" time="0.008"/>
  <testcase name="testCoder" classname="TestComponent" time="0.012"/>
  <testcase name="testDemux" classname="TestComponent" time="0.007"/>
  <testcase name="testSubtractor" classname="TestComponent" time="0.011"/>
  <testcase name="adder" classname="TestComponent" time="0.008"/>
  <testcase name="testSegment7" classname="TestComponent" time="0.006"/>
</testsuite>